{
  "0 debug pnpm:scope": {
    "selected": 1,
    "workspacePrefix": "/Users/davidmorgan/Documents/PersonalProject/vue3-plan"
  },
  "1 error pnpm": {
    "errno": 1,
    "code": "ELIFECYCLE",
    "pkgid": "vue3-plan@1.0.0",
    "stage": "dev",
    "script": "node scripts/dev.js reactivity -f global",
    "pkgname": "vue3-plan",
    "err": {
      "name": "pnpm",
      "message": "vue3-plan@1.0.0 dev: `node scripts/dev.js reactivity -f global`\nExit status 1",
      "code": "ELIFECYCLE",
      "stack": "pnpm: vue3-plan@1.0.0 dev: `node scripts/dev.js reactivity -f global`\nExit status 1\n    at EventEmitter.<anonymous> (/Users/davidmorgan/.nvm/versions/node/v16.15.0/lib/node_modules/pnpm/dist/pnpm.cjs:106731:20)\n    at EventEmitter.emit (node:events:527:28)\n    at ChildProcess.<anonymous> (/Users/davidmorgan/.nvm/versions/node/v16.15.0/lib/node_modules/pnpm/dist/pnpm.cjs:93300:18)\n    at ChildProcess.emit (node:events:527:28)\n    at maybeClose (node:internal/child_process:1092:16)\n    at Process.ChildProcess._handle.onexit (node:internal/child_process:302:5)"
    }
  },
  "2 warn pnpm:global": " Local package.json exists, but node_modules missing, did you mean to install?"
}